[2026-01-21 17:31:21.247] [6472] [HailoRT] [info] [vdevice.cpp:523] [create] Creating vdevice with params: device_count: 1, scheduling_algorithm: ROUND_ROBIN, multi_process_service: false
[2026-01-21 17:31:21.259] [6472] [HailoRT] [info] [device.cpp:49] [Device] OS Version: Linux 6.12.47+rpt-rpi-2712 #1 SMP PREEMPT Debian 1:6.12.47-1+rpt1~bookworm (2025-09-16) aarch64
[2026-01-21 17:31:21.260] [6472] [HailoRT] [info] [control.cpp:108] [control__parse_identify_results] firmware_version is: 4.20.0
[2026-01-21 17:31:21.260] [6472] [HailoRT] [info] [vdevice.cpp:651] [create] VDevice Infos: 0001:01:00.0
[2026-01-21 17:31:21.308] [6472] [HailoRT] [info] [hef.cpp:1929] [get_network_group_and_network_name] No name was given. Addressing all networks of default network_group: scdepthv3
[2026-01-21 17:31:21.308] [6472] [HailoRT] [info] [hef.cpp:1929] [get_network_group_and_network_name] No name was given. Addressing all networks of default network_group: scdepthv3
[2026-01-21 17:31:21.322] [6472] [HailoRT] [info] [internal_buffer_manager.cpp:204] [print_execution_results] Planned internal buffer memory: CMA memory 0, user memory 4194304. memory to edge layer usage factor is 1
[2026-01-21 17:31:21.322] [6472] [HailoRT] [info] [internal_buffer_manager.cpp:212] [print_execution_results] Default Internal buffer planner executed successfully
[2026-01-21 17:31:21.334] [6472] [HailoRT] [info] [device_internal.cpp:57] [configure] Configuring HEF took 18.582232 milliseconds
[2026-01-21 17:31:21.335] [6472] [HailoRT] [info] [vdevice.cpp:749] [configure] Configuring HEF on VDevice took 18.893086 milliseconds
[2026-01-21 17:31:21.335] [6472] [HailoRT] [info] [infer_model.cpp:436] [configure] Configuring network group 'scdepthv3' with params: batch size: 1, power mode: PERFORMANCE, latency: NONE
[2026-01-21 17:31:21.335] [6472] [HailoRT] [info] [multi_io_elements.cpp:756] [create] Created (AsyncHwEl)
[2026-01-21 17:31:21.335] [6472] [HailoRT] [info] [queue_elements.cpp:450] [create] Created (EntryPushQEl0scdepthv3/input_layer1 | timeout: 10s)
[2026-01-21 17:31:21.335] [6472] [HailoRT] [info] [filter_elements.cpp:101] [create] Created (PreInferEl15scdepthv3/input_layer1 | Reorder - src_order: RGB4, src_shape: (256, 320, 3), dst_order: NHWC, dst_shape: (256, 320, 3))
[2026-01-21 17:31:21.335] [6472] [HailoRT] [info] [queue_elements.cpp:450] [create] Created (PushQEl15scdepthv3/input_layer1 | timeout: 10s)
[2026-01-21 17:31:21.335] [6472] [HailoRT] [info] [edge_elements.cpp:187] [create] Created (LastAsyncEl0AsyncHwEl)
[2026-01-21 17:31:21.335] [6472] [HailoRT] [info] [pipeline.cpp:891] [print_deep_description] EntryPushQEl0scdepthv3/input_layer1 | inputs: user | outputs: PreInferEl15scdepthv3/input_layer1(running in thread_id: 6497)
[2026-01-21 17:31:21.335] [6472] [HailoRT] [info] [pipeline.cpp:891] [print_deep_description] PreInferEl15scdepthv3/input_layer1 | inputs: EntryPushQEl0scdepthv3/input_layer1[0] | outputs: PushQEl15scdepthv3/input_layer1
[2026-01-21 17:31:21.335] [6472] [HailoRT] [info] [pipeline.cpp:891] [print_deep_description] PushQEl15scdepthv3/input_layer1 | inputs: PreInferEl15scdepthv3/input_layer1[0] | outputs: AsyncHwEl(running in thread_id: 6498)
[2026-01-21 17:31:21.335] [6472] [HailoRT] [info] [pipeline.cpp:891] [print_deep_description] AsyncHwEl | inputs: PushQEl15scdepthv3/input_layer1[0] | outputs: LastAsyncEl0AsyncHwEl
[2026-01-21 17:31:21.335] [6472] [HailoRT] [info] [pipeline.cpp:891] [print_deep_description] LastAsyncEl0AsyncHwEl | inputs: AsyncHwEl[0] | outputs: user
[2026-01-21 17:31:21.356] [6487] [HailoRT] [info] [hef.cpp:1929] [get_network_group_and_network_name] No name was given. Addressing all networks of default network_group: scdepthv3
[2026-01-21 17:31:46.666] [6472] [HailoRT] [info] [async_infer_runner.cpp:86] [shutdown] Pipeline was aborted. Shutting it down
[2026-01-21 17:31:46.666] [6472] [HailoRT] [info] [queue_elements.cpp:570] [execute_deactivate] enqueue() in element PushQEl15scdepthv3/input_layer1 was aborted, got status = HAILO_SHUTDOWN_EVENT_SIGNALED(57)
[2026-01-21 17:31:46.666] [6472] [HailoRT] [info] [queue_elements.cpp:570] [execute_deactivate] enqueue() in element EntryPushQEl0scdepthv3/input_layer1 was aborted, got status = HAILO_SHUTDOWN_EVENT_SIGNALED(57)
[2026-01-21 17:31:46.666] [6472] [HailoRT] [info] [queue_elements.cpp:46] [~BaseQueueElement] Queue element EntryPushQEl0scdepthv3/input_layer1 has 0 frames in his Queue on destruction
[2026-01-21 17:31:46.666] [6472] [HailoRT] [info] [queue_elements.cpp:46] [~BaseQueueElement] Queue element PushQEl15scdepthv3/input_layer1 has 0 frames in his Queue on destruction
